This is pdfTeX, Version 3.141592653-2.6-1.40.24 (MiKTeX 22.3) (preloaded format=pdflatex 2022.5.1)  13 JUN 2023 22:02
entering extended mode
 restricted \write18 enabled.
 %&-line parsing enabled.
**./Assignment2_TEX.tex
(Assignment2_TEX.tex
LaTeX2e <2021-11-15> patch level 1
L3 programming layer <2022-04-20>
(C:\Program Files\MiKTeX 2.9\tex/latex/base\article.cls
Document Class: article 2021/10/04 v1.4n Standard LaTeX document class
(C:\Program Files\MiKTeX 2.9\tex/latex/base\size11.clo
File: size11.clo 2021/10/04 v1.4n Standard LaTeX file (size option)
)
\c@part=\count185
\c@section=\count186
\c@subsection=\count187
\c@subsubsection=\count188
\c@paragraph=\count189
\c@subparagraph=\count190
\c@figure=\count191
\c@table=\count192
\abovecaptionskip=\skip47
\belowcaptionskip=\skip48
\bibindent=\dimen138
)
(C:\Program Files\MiKTeX 2.9\tex/latex/setspace\setspace.sty
Package: setspace 2011/12/19 v6.7a set line spacing
) (head.tex
(C:\Program Files\MiKTeX 2.9\tex/latex/blindtext\blindtext.sty
Package: blindtext 2012/01/06 V2.0 blindtext-Package

(C:\Program Files\MiKTeX 2.9\tex/latex/tools\xspace.sty
Package: xspace 2014/10/28 v1.13 Space after command names (DPC,MH)
)
\c@blindtext=\count193
\c@Blindtext=\count194
\c@blind@countparstart=\count195
\blind@countxx=\count196
\blindtext@numBlindtext=\count197
\blind@countyy=\count198
\c@blindlist=\count199
\c@blindlistlevel=\count266
\c@blindlist@level=\count267
\blind@listitem=\count268
\c@blind@listcount=\count269
\c@blind@levelcount=\count270
\blind@mathformula=\count271
\blind@Mathformula=\count272
\c@blind@randomcount=\count273
\c@blind@randommax=\count274
\c@blind@pangramcount=\count275
\c@blind@pangrammax=\count276
)
(C:\Program Files\MiKTeX 2.9\tex/latex/psnfss\charter.sty
Package: charter 2020/03/25 PSNFSS-v9.3 (P.Dyballa) 
)
(C:\Program Files\MiKTeX 2.9\tex/latex/base\inputenc.sty
Package: inputenc 2021/02/14 v1.3d Input encoding file
\inpenc@prehook=\toks16
\inpenc@posthook=\toks17
)
(C:\Program Files\MiKTeX 2.9\tex/latex/microtype\microtype.sty
Package: microtype 2022/03/14 v3.0d Micro-typographical refinements (RS)

(C:\Program Files\MiKTeX 2.9\tex/latex/graphics\keyval.sty
Package: keyval 2014/10/28 v1.15 key=value parser (DPC)
\KV@toks@=\toks18
)
(C:\Program Files\MiKTeX 2.9\tex/latex/etoolbox\etoolbox.sty
Package: etoolbox 2020/10/05 v2.5k e-TeX tools for LaTeX (JAW)
\etb@tempcnta=\count277
)
\MT@toks=\toks19
\MT@tempbox=\box50
\MT@count=\count278
LaTeX Info: Redefining \noprotrusionifhmode on input line 1027.
LaTeX Info: Redefining \leftprotrusion on input line 1028.
LaTeX Info: Redefining \rightprotrusion on input line 1036.
LaTeX Info: Redefining \textls on input line 1195.
\MT@outer@kern=\dimen139
LaTeX Info: Redefining \textmicrotypecontext on input line 1781.
\MT@listname@count=\count279

(C:\Program Files\MiKTeX 2.9\tex/latex/microtype\microtype-pdftex.def
File: microtype-pdftex.def 2022/03/14 v3.0d Definitions specific to pdftex (RS)

LaTeX Info: Redefining \lsstyle on input line 900.
LaTeX Info: Redefining \lslig on input line 900.
\MT@outer@space=\skip49
)
Package microtype Info: Loading configuration file microtype.cfg.

(C:\Program Files\MiKTeX 2.9\tex/latex/microtype\microtype.cfg
File: microtype.cfg 2022/03/14 v3.0d microtype main configuration file (RS)
))
(C:\Program Files\MiKTeX 2.9\tex/generic/babel\babel.sty
Package: babel 2022/02/26 3.73 The Babel package
\babel@savecnt=\count280
\U@D=\dimen140
\l@unhyphenated=\language79

(C:\Program Files\MiKTeX 2.9\tex/generic/babel\txtbabel.def)
\bbl@readstream=\read2
\bbl@dirlevel=\count281

*************************************
* Local config file bblopts.cfg used
*
(C:\Program Files\MiKTeX 2.9\tex/latex/arabi\bblopts.cfg
File: bblopts.cfg 2005/09/08 v0.1 add Arabic and Farsi to "declared" options of
 babel
)
(C:\Program Files\MiKTeX 2.9\tex/latex/babel-english\english.ldf
Language: english 2017/06/06 v3.3r English support from the babel system
Package babel Info: Hyphen rules for 'canadian' set to \l@english
(babel)             (\language0). Reported on input line 102.
Package babel Info: Hyphen rules for 'australian' set to \l@ukenglish
(babel)             (\language73). Reported on input line 105.
Package babel Info: Hyphen rules for 'newzealand' set to \l@ukenglish
(babel)             (\language73). Reported on input line 108.
)
(C:\Program Files\MiKTeX 2.9\tex/latex/babel-german\ngerman.ldf
Language: ngerman 2021/02/27 v2.13 German support for babel (post-1996 orthogra
phy)

(C:\Program Files\MiKTeX 2.9\tex/latex/babel-german\ngermanb.ldf
Language: ngermanb 2021/02/27 v2.13 German support for babel (post-1996 orthogr
aphy)
Package babel Info: Making " an active character on input line 122.
)))
(C:\Program Files\MiKTeX 2.9\tex/latex/amscls\amsthm.sty
Package: amsthm 2020/05/29 v2.20.6
\thm@style=\toks20
\thm@bodyfont=\toks21
\thm@headfont=\toks22
\thm@notefont=\toks23
\thm@headpunct=\toks24
\thm@preskip=\skip50
\thm@postskip=\skip51
\thm@headsep=\skip52
\dth@everypar=\toks25
)
(C:\Program Files\MiKTeX 2.9\tex/latex/amsmath\amsmath.sty
Package: amsmath 2021/10/15 v2.17l AMS math features
\@mathmargin=\skip53

For additional information on amsmath, use the `?' option.
(C:\Program Files\MiKTeX 2.9\tex/latex/amsmath\amstext.sty
Package: amstext 2021/08/26 v2.01 AMS text

(C:\Program Files\MiKTeX 2.9\tex/latex/amsmath\amsgen.sty
File: amsgen.sty 1999/11/30 v2.0 generic functions
\@emptytoks=\toks26
\ex@=\dimen141
))
(C:\Program Files\MiKTeX 2.9\tex/latex/amsmath\amsbsy.sty
Package: amsbsy 1999/11/29 v1.2d Bold Symbols
\pmbraise@=\dimen142
)
(C:\Program Files\MiKTeX 2.9\tex/latex/amsmath\amsopn.sty
Package: amsopn 2021/08/26 v2.02 operator names
)
\inf@bad=\count282
LaTeX Info: Redefining \frac on input line 234.
\uproot@=\count283
\leftroot@=\count284
LaTeX Info: Redefining \overline on input line 399.
\classnum@=\count285
\DOTSCASE@=\count286
LaTeX Info: Redefining \ldots on input line 496.
LaTeX Info: Redefining \dots on input line 499.
LaTeX Info: Redefining \cdots on input line 620.
\Mathstrutbox@=\box51
\strutbox@=\box52
\big@size=\dimen143
LaTeX Font Info:    Redeclaring font encoding OML on input line 743.
LaTeX Font Info:    Redeclaring font encoding OMS on input line 744.
\macc@depth=\count287
\c@MaxMatrixCols=\count288
\dotsspace@=\muskip16
\c@parentequation=\count289
\dspbrk@lvl=\count290
\tag@help=\toks27
\row@=\count291
\column@=\count292
\maxfields@=\count293
\andhelp@=\toks28
\eqnshift@=\dimen144
\alignsep@=\dimen145
\tagshift@=\dimen146
\tagwidth@=\dimen147
\totwidth@=\dimen148
\lineht@=\dimen149
\@envbody=\toks29
\multlinegap=\skip54
\multlinetaggap=\skip55
\mathdisplay@stack=\toks30
LaTeX Info: Redefining \[ on input line 2938.
LaTeX Info: Redefining \] on input line 2939.
)
(C:\Program Files\MiKTeX 2.9\tex/latex/amsfonts\amssymb.sty
Package: amssymb 2013/01/14 v3.01 AMS font symbols

(C:\Program Files\MiKTeX 2.9\tex/latex/amsfonts\amsfonts.sty
Package: amsfonts 2013/01/14 v3.01 Basic AMSFonts support
\symAMSa=\mathgroup4
\symAMSb=\mathgroup5
LaTeX Font Info:    Redeclaring math symbol \hbar on input line 98.
LaTeX Font Info:    Overwriting math alphabet `\mathfrak' in version `bold'
(Font)                  U/euf/m/n --> U/euf/b/n on input line 106.
))
(C:\Program Files\MiKTeX 2.9\tex/latex/float\float.sty
Package: float 2001/11/08 v1.3d Float enhancements (AL)
\c@float@type=\count294
\float@exts=\toks31
\float@box=\box53
\@float@everytoks=\toks32
\@floatcapt=\box54
)
(C:\Program Files\MiKTeX 2.9\tex/latex/hyperref\hyperref.sty
Package: hyperref 2022-02-21 v7.00n Hypertext links for LaTeX

(C:\Program Files\MiKTeX 2.9\tex/generic/ltxcmds\ltxcmds.sty
Package: ltxcmds 2020-05-10 v1.25 LaTeX kernel commands for general use (HO)
)
(C:\Program Files\MiKTeX 2.9\tex/generic/iftex\iftex.sty
Package: iftex 2022/02/03 v1.0f TeX engine tests
)
(C:\Program Files\MiKTeX 2.9\tex/generic/pdftexcmds\pdftexcmds.sty
Package: pdftexcmds 2020-06-27 v0.33 Utility functions of pdfTeX for LuaTeX (HO
)

(C:\Program Files\MiKTeX 2.9\tex/generic/infwarerr\infwarerr.sty
Package: infwarerr 2019/12/03 v1.5 Providing info/warning/error messages (HO)
)
Package pdftexcmds Info: \pdf@primitive is available.
Package pdftexcmds Info: \pdf@ifprimitive is available.
Package pdftexcmds Info: \pdfdraftmode found.
)
(C:\Program Files\MiKTeX 2.9\tex/generic/kvsetkeys\kvsetkeys.sty
Package: kvsetkeys 2019/12/15 v1.18 Key value parser (HO)
)
(C:\Program Files\MiKTeX 2.9\tex/generic/kvdefinekeys\kvdefinekeys.sty
Package: kvdefinekeys 2019-12-19 v1.6 Define keys (HO)
)
(C:\Program Files\MiKTeX 2.9\tex/generic/pdfescape\pdfescape.sty
Package: pdfescape 2019/12/09 v1.15 Implements pdfTeX's escape features (HO)
)
(C:\Program Files\MiKTeX 2.9\tex/latex/hycolor\hycolor.sty
Package: hycolor 2020-01-27 v1.10 Color options for hyperref/bookmark (HO)
)
(C:\Program Files\MiKTeX 2.9\tex/latex/letltxmacro\letltxmacro.sty
Package: letltxmacro 2019/12/03 v1.6 Let assignment for LaTeX macros (HO)
)
(C:\Program Files\MiKTeX 2.9\tex/latex/auxhook\auxhook.sty
Package: auxhook 2019-12-17 v1.6 Hooks for auxiliary files (HO)
)
(C:\Program Files\MiKTeX 2.9\tex/latex/kvoptions\kvoptions.sty
Package: kvoptions 2020-10-07 v3.14 Key value format for package options (HO)
)
\@linkdim=\dimen150
\Hy@linkcounter=\count295
\Hy@pagecounter=\count296

(C:\Program Files\MiKTeX 2.9\tex/latex/hyperref\pd1enc.def
File: pd1enc.def 2022-02-21 v7.00n Hyperref: PDFDocEncoding definition (HO)
Now handling font encoding PD1 ...
... no UTF-8 mapping file for font encoding PD1
)
(C:\Program Files\MiKTeX 2.9\tex/generic/intcalc\intcalc.sty
Package: intcalc 2019/12/15 v1.3 Expandable calculations with integers (HO)
)
(C:\Program Files\MiKTeX 2.9\tex/generic/etexcmds\etexcmds.sty
Package: etexcmds 2019/12/15 v1.7 Avoid name clashes with e-TeX commands (HO)
)
\Hy@SavedSpaceFactor=\count297

(C:\Program Files\MiKTeX 2.9\tex/latex/hyperref\puenc.def
File: puenc.def 2022-02-21 v7.00n Hyperref: PDF Unicode definition (HO)
Now handling font encoding PU ...
... no UTF-8 mapping file for font encoding PU
)
Package hyperref Info: Option `final' set `true' on input line 4018.
Package hyperref Info: Option `colorlinks' set `true' on input line 4018.
Package hyperref Info: Hyper figures OFF on input line 4137.
Package hyperref Info: Link nesting OFF on input line 4142.
Package hyperref Info: Hyper index ON on input line 4145.
Package hyperref Info: Plain pages OFF on input line 4152.
Package hyperref Info: Backreferencing OFF on input line 4157.
Package hyperref Info: Implicit mode ON; LaTeX internals redefined.
Package hyperref Info: Bookmarks ON on input line 4390.
\c@Hy@tempcnt=\count298

(C:\Program Files\MiKTeX 2.9\tex/latex/url\url.sty
\Urlmuskip=\muskip17
Package: url 2013/09/16  ver 3.4  Verb mode for urls, etc.
)
LaTeX Info: Redefining \url on input line 4749.
\XeTeXLinkMargin=\dimen151

(C:\Program Files\MiKTeX 2.9\tex/generic/bitset\bitset.sty
Package: bitset 2019/12/09 v1.3 Handle bit-vector datatype (HO)

(C:\Program Files\MiKTeX 2.9\tex/generic/bigintcalc\bigintcalc.sty
Package: bigintcalc 2019/12/15 v1.5 Expandable calculations on big integers (HO
)
))
\Fld@menulength=\count299
\Field@Width=\dimen152
\Fld@charsize=\dimen153
Package hyperref Info: Hyper figures OFF on input line 6027.
Package hyperref Info: Link nesting OFF on input line 6032.
Package hyperref Info: Hyper index ON on input line 6035.
Package hyperref Info: backreferencing OFF on input line 6042.
Package hyperref Info: Link coloring ON on input line 6045.
Package hyperref Info: Link coloring with OCG OFF on input line 6052.
Package hyperref Info: PDF/A mode OFF on input line 6057.
LaTeX Info: Redefining \ref on input line 6097.
LaTeX Info: Redefining \pageref on input line 6101.

(C:\Program Files\MiKTeX 2.9\tex/latex/base\atbegshi-ltx.sty
Package: atbegshi-ltx 2021/01/10 v1.0c Emulation of the original atbegshi
package with kernel methods
)
\Hy@abspage=\count300
\c@Item=\count301
\c@Hfootnote=\count302
)
Package hyperref Info: Driver (autodetected): hpdftex.

(C:\Program Files\MiKTeX 2.9\tex/latex/hyperref\hpdftex.def
File: hpdftex.def 2022-02-21 v7.00n Hyperref driver for pdfTeX

(C:\Program Files\MiKTeX 2.9\tex/latex/base\atveryend-ltx.sty
Package: atveryend-ltx 2020/08/19 v1.0a Emulation of the original atveryend pac
kage
with kernel methods
)
\Fld@listcount=\count303
\c@bookmark@seq@number=\count304

(C:\Program Files\MiKTeX 2.9\tex/latex/rerunfilecheck\rerunfilecheck.sty
Package: rerunfilecheck 2019/12/05 v1.9 Rerun checks for auxiliary files (HO)

(C:\Program Files\MiKTeX 2.9\tex/generic/uniquecounter\uniquecounter.sty
Package: uniquecounter 2019/12/15 v1.4 Provide unlimited unique counter (HO)
)
Package uniquecounter Info: New unique counter `rerunfilecheck' on input line 2
86.
)
\Hy@SectionHShift=\skip56
)
(C:\Program Files\MiKTeX 2.9\tex/latex/graphics\graphicx.sty
Package: graphicx 2021/09/16 v1.2d Enhanced LaTeX Graphics (DPC,SPQR)

(C:\Program Files\MiKTeX 2.9\tex/latex/graphics\graphics.sty
Package: graphics 2021/03/04 v1.4d Standard LaTeX Graphics (DPC,SPQR)

(C:\Program Files\MiKTeX 2.9\tex/latex/graphics\trig.sty
Package: trig 2021/08/11 v1.11 sin cos tan (DPC)
)
(C:\Program Files\MiKTeX 2.9\tex/latex/graphics-cfg\graphics.cfg
File: graphics.cfg 2016/06/04 v1.11 sample graphics configuration
)
Package graphics Info: Driver file: pdftex.def on input line 107.

(C:\Program Files\MiKTeX 2.9\tex/latex/graphics-def\pdftex.def
File: pdftex.def 2020/10/05 v1.2a Graphics/color driver for pdftex
))
\Gin@req@height=\dimen154
\Gin@req@width=\dimen155
)
(C:\Program Files\MiKTeX 2.9\tex/latex/tools\multicol.sty
Package: multicol 2021/10/28 v1.9b multicolumn formatting (FMi)
\c@tracingmulticols=\count305
\mult@box=\box55
\multicol@leftmargin=\dimen156
\c@unbalance=\count306
\c@collectmore=\count307
\doublecol@number=\count308
\multicoltolerance=\count309
\multicolpretolerance=\count310
\full@width=\dimen157
\page@free=\dimen158
\premulticols=\dimen159
\postmulticols=\dimen160
\multicolsep=\skip57
\multicolbaselineskip=\skip58
\partial@page=\box56
\last@line=\box57
\maxbalancingoverflow=\dimen161
\mult@rightbox=\box58
\mult@grightbox=\box59
\mult@firstbox=\box60
\mult@gfirstbox=\box61
\@tempa=\box62
\@tempa=\box63
\@tempa=\box64
\@tempa=\box65
\@tempa=\box66
\@tempa=\box67
\@tempa=\box68
\@tempa=\box69
\@tempa=\box70
\@tempa=\box71
\@tempa=\box72
\@tempa=\box73
\@tempa=\box74
\@tempa=\box75
\@tempa=\box76
\@tempa=\box77
\@tempa=\box78
\@tempa=\box79
\@tempa=\box80
\@tempa=\box81
\@tempa=\box82
\@tempa=\box83
\@tempa=\box84
\@tempa=\box85
\@tempa=\box86
\@tempa=\box87
\@tempa=\box88
\@tempa=\box89
\@tempa=\box90
\@tempa=\box91
\@tempa=\box92
\@tempa=\box93
\@tempa=\box94
\@tempa=\box95
\@tempa=\box96
\@tempa=\box97
\c@minrows=\count311
\c@columnbadness=\count312
\c@finalcolumnbadness=\count313
\last@try=\dimen162
\multicolovershoot=\dimen163
\multicolundershoot=\dimen164
\mult@nat@firstbox=\box98
\colbreak@box=\box99
\mc@col@check@num=\count314
)
(C:\Program Files\MiKTeX 2.9\tex/latex/xcolor\xcolor.sty
Package: xcolor 2021/10/31 v2.13 LaTeX color extensions (UK)

(C:\Program Files\MiKTeX 2.9\tex/latex/graphics-cfg\color.cfg
File: color.cfg 2016/01/02 v1.6 sample color configuration
)
Package xcolor Info: Driver file: pdftex.def on input line 227.
Package xcolor Info: Model `cmy' substituted by `cmy0' on input line 1352.
Package xcolor Info: Model `hsb' substituted by `rgb' on input line 1356.
Package xcolor Info: Model `RGB' extended on input line 1368.
Package xcolor Info: Model `HTML' substituted by `rgb' on input line 1370.
Package xcolor Info: Model `Hsb' substituted by `hsb' on input line 1371.
Package xcolor Info: Model `tHsb' substituted by `hsb' on input line 1372.
Package xcolor Info: Model `HSB' substituted by `hsb' on input line 1373.
Package xcolor Info: Model `Gray' substituted by `gray' on input line 1374.
Package xcolor Info: Model `wave' substituted by `hsb' on input line 1375.
)
(C:\Program Files\MiKTeX 2.9\tex/latex/marvosym\marvosym.sty
Package: marvosym 2011/07/20 v2.2 Martin Vogel's Symbols font definitions
)
(C:\Program Files\MiKTeX 2.9\tex/latex/wasysym\wasysym.sty
Package: wasysym 2020/01/19 v2.4 Wasy-2 symbol support package
\symwasy=\mathgroup6
LaTeX Font Info:    Overwriting symbol font `wasy' in version `bold'
(Font)                  U/wasy/m/n --> U/wasy/b/n on input line 93.
)
(C:\Program Files\MiKTeX 2.9\tex/latex/graphics\rotating.sty
Package: rotating 2016/08/11 v2.16d rotated objects in LaTeX

(C:\Program Files\MiKTeX 2.9\tex/latex/base\ifthen.sty
Package: ifthen 2020/11/24 v1.1c Standard LaTeX ifthen package (DPC)
)
\c@r@tfl@t=\count315
\rotFPtop=\skip59
\rotFPbot=\skip60
\rot@float@box=\box100
\rot@mess@toks=\toks33
)
(C:\Program Files\MiKTeX 2.9\tex/latex/censor\censor.sty
Package: censor 2022/04/21\ 4.2\ Provides capability for redaction of sensitive
 information

(C:\Program Files\MiKTeX 2.9\tex/latex/pbox\pbox.sty
Package: pbox 2011/12/07 v1.2 Dynamic parboxes

(C:\Program Files\MiKTeX 2.9\tex/latex/tools\calc.sty
Package: calc 2017/05/25 v4.3 Infix arithmetic (KKT,FJ)
\calc@Acount=\count316
\calc@Bcount=\count317
\calc@Adimen=\dimen165
\calc@Bdimen=\dimen166
\calc@Askip=\skip61
\calc@Bskip=\skip62
LaTeX Info: Redefining \setlength on input line 80.
LaTeX Info: Redefining \addtolength on input line 81.
\calc@Ccount=\count318
\calc@Cskip=\skip63
)
\pb@xlen=\skip64
)
\censorruledepth=\skip65
\censorruleheight=\skip66

(C:\Program Files\MiKTeX 2.9\tex/latex/tokcycle\tokcycle.sty
(C:\Program Files\MiKTeX 2.9\tex/generic/tokcycle\tokcycle.tex
\tc@tok=\toks34
\tcdepth=\count319
\cytoks=\toks35
)
Package: tokcycle 2021/08/25 V1.42 Cycle through and transform a stream of toke
ns
))
(C:\Program Files\MiKTeX 2.9\tex/latex/listings\listings.sty
\lst@mode=\count320
\lst@gtempboxa=\box101
\lst@token=\toks36
\lst@length=\count321
\lst@currlwidth=\dimen167
\lst@column=\count322
\lst@pos=\count323
\lst@lostspace=\dimen168
\lst@width=\dimen169
\lst@newlines=\count324
\lst@lineno=\count325
\lst@maxwidth=\dimen170

(C:\Program Files\MiKTeX 2.9\tex/latex/listings\lstmisc.sty
File: lstmisc.sty 2020/03/24 1.8d (Carsten Heinz)
\c@lstnumber=\count326
\lst@skipnumbers=\count327
\lst@framebox=\box102
)
(C:\Program Files\MiKTeX 2.9\tex/latex/listings\listings.cfg
File: listings.cfg 2020/03/24 1.8d listings configuration
))
Package: listings 2020/03/24 1.8d (Carsten Heinz)

(style/lstlisting.sty
(C:\Program Files\MiKTeX 2.9\tex/latex/listings\lstlang1.sty
File: lstlang1.sty 2020/03/24 1.8d listings language file
))
(C:\Program Files\MiKTeX 2.9\tex/latex/pseudocode\pseudocode.sty
** 
** Document Style `pseudocode' - environment 
** by D.L. Kreher and D.R. Stinson 
** 
** The pseudocode environment was originally developed for the book
** Combinatorial Algorithms: Enumeration, Generation, and Search
** CRC Press, 1999. 
Package: pseudocode 
\pcode@width=\skip67
(C:\Program Files\MiKTeX 2.9\tex/latex/fancybox\fancybox.sty
Package: fancybox 2010/05/15 1.4

Style option: `fancybox' v1.4 <2010/05/15> (tvz)
\@fancybox=\box103
\shadowsize=\dimen171
\@Sbox=\box104
\do@VerbBox=\toks37
\the@fancyput=\toks38
\this@fancyput=\toks39
\EndVerbatimTokens=\toks40
\Verbatim@Outfile=\write3
\Verbatim@Infile=\read3
)
\c@pseudocode=\count328
\c@pseudonum=\count329
) (style/avm.sty
\avmdimen=\dimen172
\avmboxone=\box105
\avmboxthree=\box106
) (C:\Program Files\MiKTeX 2.9\tex/latex/booktabs\booktabs.sty
Package: booktabs 2020/01/12 v1.61803398 Publication quality tables
\heavyrulewidth=\dimen173
\lightrulewidth=\dimen174
\cmidrulewidth=\dimen175
\belowrulesep=\dimen176
\belowbottomsep=\dimen177
\aboverulesep=\dimen178
\abovetopsep=\dimen179
\cmidrulesep=\dimen180
\cmidrulekern=\dimen181
\defaultaddspace=\dimen182
\@cmidla=\count330
\@cmidlb=\count331
\@aboverulesep=\dimen183
\@belowrulesep=\dimen184
\@thisruleclass=\count332
\@lastruleclass=\count333
\@thisrulewidth=\dimen185
) (C:\Program Files\MiKTeX 2.9\tex/latex/tikz-qtree\tikz-qtree.sty
(C:\Program Files\MiKTeX 2.9\tex/latex/pgf/frontendlayer\tikz.sty
(C:\Program Files\MiKTeX 2.9\tex/latex/pgf/basiclayer\pgf.sty
(C:\Program Files\MiKTeX 2.9\tex/latex/pgf/utilities\pgfrcs.sty
(C:\Program Files\MiKTeX 2.9\tex/generic/pgf/utilities\pgfutil-common.tex
\pgfutil@everybye=\toks41
\pgfutil@tempdima=\dimen186
\pgfutil@tempdimb=\dimen187

(C:\Program Files\MiKTeX 2.9\tex/generic/pgf/utilities\pgfutil-common-lists.tex
)) (C:\Program Files\MiKTeX 2.9\tex/generic/pgf/utilities\pgfutil-latex.def
\pgfutil@abb=\box107
)
(C:\Program Files\MiKTeX 2.9\tex/generic/pgf/utilities\pgfrcs.code.tex
(C:\Program Files\MiKTeX 2.9\tex/generic/pgf\pgf.revision.tex)
Package: pgfrcs 2021/05/15 v3.1.9a (3.1.9a)
))
Package: pgf 2021/05/15 v3.1.9a (3.1.9a)

(C:\Program Files\MiKTeX 2.9\tex/latex/pgf/basiclayer\pgfcore.sty
(C:\Program Files\MiKTeX 2.9\tex/latex/pgf/systemlayer\pgfsys.sty
(C:\Program Files\MiKTeX 2.9\tex/generic/pgf/systemlayer\pgfsys.code.tex
Package: pgfsys 2021/05/15 v3.1.9a (3.1.9a)

(C:\Program Files\MiKTeX 2.9\tex/generic/pgf/utilities\pgfkeys.code.tex
\pgfkeys@pathtoks=\toks42
\pgfkeys@temptoks=\toks43

(C:\Program Files\MiKTeX 2.9\tex/generic/pgf/utilities\pgfkeysfiltered.code.tex
\pgfkeys@tmptoks=\toks44
))
\pgf@x=\dimen188
\pgf@y=\dimen189
\pgf@xa=\dimen190
\pgf@ya=\dimen191
\pgf@xb=\dimen192
\pgf@yb=\dimen193
\pgf@xc=\dimen194
\pgf@yc=\dimen195
\pgf@xd=\dimen196
\pgf@yd=\dimen197
\w@pgf@writea=\write4
\r@pgf@reada=\read4
\c@pgf@counta=\count334
\c@pgf@countb=\count335
\c@pgf@countc=\count336
\c@pgf@countd=\count337
\t@pgf@toka=\toks45
\t@pgf@tokb=\toks46
\t@pgf@tokc=\toks47
\pgf@sys@id@count=\count338
 (C:\Program Files\MiKTeX 2.9\tex/generic/pgf/systemlayer\pgf.cfg
File: pgf.cfg 2021/05/15 v3.1.9a (3.1.9a)
)
Driver file for pgf: pgfsys-pdftex.def

(C:\Program Files\MiKTeX 2.9\tex/generic/pgf/systemlayer\pgfsys-pdftex.def
File: pgfsys-pdftex.def 2021/05/15 v3.1.9a (3.1.9a)

(C:\Program Files\MiKTeX 2.9\tex/generic/pgf/systemlayer\pgfsys-common-pdf.def
File: pgfsys-common-pdf.def 2021/05/15 v3.1.9a (3.1.9a)
)))
(C:\Program Files\MiKTeX 2.9\tex/generic/pgf/systemlayer\pgfsyssoftpath.code.te
x
File: pgfsyssoftpath.code.tex 2021/05/15 v3.1.9a (3.1.9a)
\pgfsyssoftpath@smallbuffer@items=\count339
\pgfsyssoftpath@bigbuffer@items=\count340
)
(C:\Program Files\MiKTeX 2.9\tex/generic/pgf/systemlayer\pgfsysprotocol.code.te
x
File: pgfsysprotocol.code.tex 2021/05/15 v3.1.9a (3.1.9a)
)) (C:\Program Files\MiKTeX 2.9\tex/generic/pgf/basiclayer\pgfcore.code.tex
Package: pgfcore 2021/05/15 v3.1.9a (3.1.9a)

(C:\Program Files\MiKTeX 2.9\tex/generic/pgf/math\pgfmath.code.tex
(C:\Program Files\MiKTeX 2.9\tex/generic/pgf/math\pgfmathcalc.code.tex
(C:\Program Files\MiKTeX 2.9\tex/generic/pgf/math\pgfmathutil.code.tex)
(C:\Program Files\MiKTeX 2.9\tex/generic/pgf/math\pgfmathparser.code.tex
\pgfmath@dimen=\dimen198
\pgfmath@count=\count341
\pgfmath@box=\box108
\pgfmath@toks=\toks48
\pgfmath@stack@operand=\toks49
\pgfmath@stack@operation=\toks50
)
(C:\Program Files\MiKTeX 2.9\tex/generic/pgf/math\pgfmathfunctions.code.tex
(C:\Program Files\MiKTeX 2.9\tex/generic/pgf/math\pgfmathfunctions.basic.code.t
ex)
(C:\Program Files\MiKTeX 2.9\tex/generic/pgf/math\pgfmathfunctions.trigonometri
c.code.tex)
(C:\Program Files\MiKTeX 2.9\tex/generic/pgf/math\pgfmathfunctions.random.code.
tex)
(C:\Program Files\MiKTeX 2.9\tex/generic/pgf/math\pgfmathfunctions.comparison.c
ode.tex)
(C:\Program Files\MiKTeX 2.9\tex/generic/pgf/math\pgfmathfunctions.base.code.te
x)
(C:\Program Files\MiKTeX 2.9\tex/generic/pgf/math\pgfmathfunctions.round.code.t
ex)
(C:\Program Files\MiKTeX 2.9\tex/generic/pgf/math\pgfmathfunctions.misc.code.te
x)
(C:\Program Files\MiKTeX 2.9\tex/generic/pgf/math\pgfmathfunctions.integerarith
metics.code.tex)))
(C:\Program Files\MiKTeX 2.9\tex/generic/pgf/math\pgfmathfloat.code.tex
\c@pgfmathroundto@lastzeros=\count342
))
(C:\Program Files\MiKTeX 2.9\tex/generic/pgf/math\pgfint.code.tex)
(C:\Program Files\MiKTeX 2.9\tex/generic/pgf/basiclayer\pgfcorepoints.code.tex
File: pgfcorepoints.code.tex 2021/05/15 v3.1.9a (3.1.9a)
\pgf@picminx=\dimen199
\pgf@picmaxx=\dimen256
\pgf@picminy=\dimen257
\pgf@picmaxy=\dimen258
\pgf@pathminx=\dimen259
\pgf@pathmaxx=\dimen260
\pgf@pathminy=\dimen261
\pgf@pathmaxy=\dimen262
\pgf@xx=\dimen263
\pgf@xy=\dimen264
\pgf@yx=\dimen265
\pgf@yy=\dimen266
\pgf@zx=\dimen267
\pgf@zy=\dimen268
)
(C:\Program Files\MiKTeX 2.9\tex/generic/pgf/basiclayer\pgfcorepathconstruct.co
de.tex
File: pgfcorepathconstruct.code.tex 2021/05/15 v3.1.9a (3.1.9a)
\pgf@path@lastx=\dimen269
\pgf@path@lasty=\dimen270
)
(C:\Program Files\MiKTeX 2.9\tex/generic/pgf/basiclayer\pgfcorepathusage.code.t
ex
File: pgfcorepathusage.code.tex 2021/05/15 v3.1.9a (3.1.9a)
\pgf@shorten@end@additional=\dimen271
\pgf@shorten@start@additional=\dimen272
)
(C:\Program Files\MiKTeX 2.9\tex/generic/pgf/basiclayer\pgfcorescopes.code.tex
File: pgfcorescopes.code.tex 2021/05/15 v3.1.9a (3.1.9a)
\pgfpic=\box109
\pgf@hbox=\box110
\pgf@layerbox@main=\box111
\pgf@picture@serial@count=\count343
)
(C:\Program Files\MiKTeX 2.9\tex/generic/pgf/basiclayer\pgfcoregraphicstate.cod
e.tex
File: pgfcoregraphicstate.code.tex 2021/05/15 v3.1.9a (3.1.9a)
\pgflinewidth=\dimen273
)
(C:\Program Files\MiKTeX 2.9\tex/generic/pgf/basiclayer\pgfcoretransformations.
code.tex
File: pgfcoretransformations.code.tex 2021/05/15 v3.1.9a (3.1.9a)
\pgf@pt@x=\dimen274
\pgf@pt@y=\dimen275
\pgf@pt@temp=\dimen276
)
(C:\Program Files\MiKTeX 2.9\tex/generic/pgf/basiclayer\pgfcorequick.code.tex
File: pgfcorequick.code.tex 2021/05/15 v3.1.9a (3.1.9a)
)
(C:\Program Files\MiKTeX 2.9\tex/generic/pgf/basiclayer\pgfcoreobjects.code.tex
File: pgfcoreobjects.code.tex 2021/05/15 v3.1.9a (3.1.9a)
)
(C:\Program Files\MiKTeX 2.9\tex/generic/pgf/basiclayer\pgfcorepathprocessing.c
ode.tex
File: pgfcorepathprocessing.code.tex 2021/05/15 v3.1.9a (3.1.9a)
)
(C:\Program Files\MiKTeX 2.9\tex/generic/pgf/basiclayer\pgfcorearrows.code.tex
File: pgfcorearrows.code.tex 2021/05/15 v3.1.9a (3.1.9a)
\pgfarrowsep=\dimen277
) (C:\Program Files\MiKTeX 2.9\tex/generic/pgf/basiclayer\pgfcoreshade.code.tex
File: pgfcoreshade.code.tex 2021/05/15 v3.1.9a (3.1.9a)
\pgf@max=\dimen278
\pgf@sys@shading@range@num=\count344
\pgf@shadingcount=\count345
) (C:\Program Files\MiKTeX 2.9\tex/generic/pgf/basiclayer\pgfcoreimage.code.tex
File: pgfcoreimage.code.tex 2021/05/15 v3.1.9a (3.1.9a)

(C:\Program Files\MiKTeX 2.9\tex/generic/pgf/basiclayer\pgfcoreexternal.code.te
x
File: pgfcoreexternal.code.tex 2021/05/15 v3.1.9a (3.1.9a)
\pgfexternal@startupbox=\box112
))
(C:\Program Files\MiKTeX 2.9\tex/generic/pgf/basiclayer\pgfcorelayers.code.tex
File: pgfcorelayers.code.tex 2021/05/15 v3.1.9a (3.1.9a)
)
(C:\Program Files\MiKTeX 2.9\tex/generic/pgf/basiclayer\pgfcoretransparency.cod
e.tex
File: pgfcoretransparency.code.tex 2021/05/15 v3.1.9a (3.1.9a)
)
(C:\Program Files\MiKTeX 2.9\tex/generic/pgf/basiclayer\pgfcorepatterns.code.te
x
File: pgfcorepatterns.code.tex 2021/05/15 v3.1.9a (3.1.9a)
) (C:\Program Files\MiKTeX 2.9\tex/generic/pgf/basiclayer\pgfcorerdf.code.tex
File: pgfcorerdf.code.tex 2021/05/15 v3.1.9a (3.1.9a)
)))
(C:\Program Files\MiKTeX 2.9\tex/generic/pgf/modules\pgfmoduleshapes.code.tex
File: pgfmoduleshapes.code.tex 2021/05/15 v3.1.9a (3.1.9a)
\pgfnodeparttextbox=\box113
)
(C:\Program Files\MiKTeX 2.9\tex/generic/pgf/modules\pgfmoduleplot.code.tex
File: pgfmoduleplot.code.tex 2021/05/15 v3.1.9a (3.1.9a)
)
(C:\Program Files\MiKTeX 2.9\tex/latex/pgf/compatibility\pgfcomp-version-0-65.s
ty
Package: pgfcomp-version-0-65 2021/05/15 v3.1.9a (3.1.9a)
\pgf@nodesepstart=\dimen279
\pgf@nodesepend=\dimen280
)
(C:\Program Files\MiKTeX 2.9\tex/latex/pgf/compatibility\pgfcomp-version-1-18.s
ty
Package: pgfcomp-version-1-18 2021/05/15 v3.1.9a (3.1.9a)
)) (C:\Program Files\MiKTeX 2.9\tex/latex/pgf/utilities\pgffor.sty
(C:\Program Files\MiKTeX 2.9\tex/latex/pgf/utilities\pgfkeys.sty
(C:\Program Files\MiKTeX 2.9\tex/generic/pgf/utilities\pgfkeys.code.tex))
(C:\Program Files\MiKTeX 2.9\tex/latex/pgf/math\pgfmath.sty
(C:\Program Files\MiKTeX 2.9\tex/generic/pgf/math\pgfmath.code.tex))
(C:\Program Files\MiKTeX 2.9\tex/generic/pgf/utilities\pgffor.code.tex
Package: pgffor 2021/05/15 v3.1.9a (3.1.9a)

(C:\Program Files\MiKTeX 2.9\tex/generic/pgf/math\pgfmath.code.tex)
\pgffor@iter=\dimen281
\pgffor@skip=\dimen282
\pgffor@stack=\toks51
\pgffor@toks=\toks52
))
(C:\Program Files\MiKTeX 2.9\tex/generic/pgf/frontendlayer/tikz\tikz.code.tex
Package: tikz 2021/05/15 v3.1.9a (3.1.9a)

(C:\Program Files\MiKTeX 2.9\tex/generic/pgf/libraries\pgflibraryplothandlers.c
ode.tex
File: pgflibraryplothandlers.code.tex 2021/05/15 v3.1.9a (3.1.9a)
\pgf@plot@mark@count=\count346
\pgfplotmarksize=\dimen283
)
\tikz@lastx=\dimen284
\tikz@lasty=\dimen285
\tikz@lastxsaved=\dimen286
\tikz@lastysaved=\dimen287
\tikz@lastmovetox=\dimen288
\tikz@lastmovetoy=\dimen289
\tikzleveldistance=\dimen290
\tikzsiblingdistance=\dimen291
\tikz@figbox=\box114
\tikz@figbox@bg=\box115
\tikz@tempbox=\box116
\tikz@tempbox@bg=\box117
\tikztreelevel=\count347
\tikznumberofchildren=\count348
\tikznumberofcurrentchild=\count349
\tikz@fig@count=\count350

(C:\Program Files\MiKTeX 2.9\tex/generic/pgf/modules\pgfmodulematrix.code.tex
File: pgfmodulematrix.code.tex 2021/05/15 v3.1.9a (3.1.9a)
\pgfmatrixcurrentrow=\count351
\pgfmatrixcurrentcolumn=\count352
\pgf@matrix@numberofcolumns=\count353
)
\tikz@expandcount=\count354

(C:\Program Files\MiKTeX 2.9\tex/generic/pgf/frontendlayer/tikz/libraries\tikzl
ibrarytopaths.code.tex
File: tikzlibrarytopaths.code.tex 2021/05/15 v3.1.9a (3.1.9a)
)))
(C:\Program Files\MiKTeX 2.9\tex/latex/tikz-qtree\pgftree.sty
(C:\Program Files\MiKTeX 2.9\tex/latex/tikz-qtree\pgfsubpic.sty
(C:\Program Files\MiKTeX 2.9\tex/generic/tikz-qtree\pgfsubpic.tex
\pgf@subpicminx=\dimen292
\pgf@subpicminy=\dimen293
\pgf@subpicmaxx=\dimen294
\pgf@subpicmaxy=\dimen295
))
(C:\Program Files\MiKTeX 2.9\tex/generic/tikz-qtree\pgftree.tex
\levelsep=\dimen296
\subtreesep=\dimen297
\smuggle@levelsep=\dimen298
\smuggle@subtreesep=\dimen299
\this@levelsep=\dimen300
\this@subtreesep=\dimen301
\pgftree@childx=\dimen302
\pgftree@savechildx=\dimen303
\pgftree@childy=\dimen304
\pgftree@savechildy=\dimen305
\pgftree@childi=\count355
\pgftree@savechildi=\count356
\pgftree@level=\count357
\pgftree@depth=\dimen306
\pgf@subpic@hbox@children=\box118
\pgf@subpic@minx@children=\dimen307
\pgf@subpic@miny@children=\dimen308
\pgf@subpic@maxx@children=\dimen309
\pgf@subpic@maxy@children=\dimen310
\pgftree@lastchildx=\dimen311
\pgftree@lastchildy=\dimen312
))
(C:\Program Files\MiKTeX 2.9\tex/generic/tikz-qtree\tikz-qtree.tex
\@result=\toks53
\child@list=\toks54
\root@node=\toks55
))
(style/btree.sty
Package: style/btree 

Document Style `weiw_BTree - Support drawing B+-Tree (ver 0.999)

(C:\Program Files\MiKTeX 2.9\tex/generic/pgf/frontendlayer/tikz/libraries\tikzl
ibraryarrows.code.tex
File: tikzlibraryarrows.code.tex 2021/05/15 v3.1.9a (3.1.9a)

(C:\Program Files\MiKTeX 2.9\tex/generic/pgf/libraries\pgflibraryarrows.code.te
x
File: pgflibraryarrows.code.tex 2021/05/15 v3.1.9a (3.1.9a)
\arrowsize=\dimen313
))
(C:\Program Files\MiKTeX 2.9\tex/generic/pgf/frontendlayer/tikz/libraries\tikzl
ibraryshapes.code.tex
File: tikzlibraryshapes.code.tex 2021/05/15 v3.1.9a (3.1.9a)

(C:\Program Files\MiKTeX 2.9\tex/generic/pgf/frontendlayer/tikz/libraries\tikzl
ibraryshapes.geometric.code.tex
File: tikzlibraryshapes.geometric.code.tex 2021/05/15 v3.1.9a (3.1.9a)

(C:\Program Files\MiKTeX 2.9\tex/generic/pgf/libraries/shapes\pgflibraryshapes.
geometric.code.tex
File: pgflibraryshapes.geometric.code.tex 2021/05/15 v3.1.9a (3.1.9a)
))
(C:\Program Files\MiKTeX 2.9\tex/generic/pgf/frontendlayer/tikz/libraries\tikzl
ibraryshapes.misc.code.tex
File: tikzlibraryshapes.misc.code.tex 2021/05/15 v3.1.9a (3.1.9a)

(C:\Program Files\MiKTeX 2.9\tex/generic/pgf/libraries/shapes\pgflibraryshapes.
misc.code.tex
File: pgflibraryshapes.misc.code.tex 2021/05/15 v3.1.9a (3.1.9a)
))
(C:\Program Files\MiKTeX 2.9\tex/generic/pgf/frontendlayer/tikz/libraries\tikzl
ibraryshapes.symbols.code.tex
File: tikzlibraryshapes.symbols.code.tex 2021/05/15 v3.1.9a (3.1.9a)

(C:\Program Files\MiKTeX 2.9\tex/generic/pgf/libraries/shapes\pgflibraryshapes.
symbols.code.tex
File: pgflibraryshapes.symbols.code.tex 2021/05/15 v3.1.9a (3.1.9a)
))
(C:\Program Files\MiKTeX 2.9\tex/generic/pgf/frontendlayer/tikz/libraries\tikzl
ibraryshapes.arrows.code.tex
File: tikzlibraryshapes.arrows.code.tex 2021/05/15 v3.1.9a (3.1.9a)

(C:\Program Files\MiKTeX 2.9\tex/generic/pgf/libraries/shapes\pgflibraryshapes.
arrows.code.tex
File: pgflibraryshapes.arrows.code.tex 2021/05/15 v3.1.9a (3.1.9a)
))
(C:\Program Files\MiKTeX 2.9\tex/generic/pgf/frontendlayer/tikz/libraries\tikzl
ibraryshapes.callouts.code.tex
(C:\Program Files\MiKTeX 2.9\tex/generic/pgf/libraries/shapes\pgflibraryshapes.
callouts.code.tex))
(C:\Program Files\MiKTeX 2.9\tex/generic/pgf/frontendlayer/tikz/libraries\tikzl
ibraryshapes.multipart.code.tex
File: tikzlibraryshapes.multipart.code.tex 2021/05/15 v3.1.9a (3.1.9a)

(C:\Program Files\MiKTeX 2.9\tex/generic/pgf/libraries/shapes\pgflibraryshapes.
multipart.code.tex
File: pgflibraryshapes.multipart.code.tex 2021/05/15 v3.1.9a (3.1.9a)
\pgfnodepartlowerbox=\box119
\pgfnodeparttwobox=\box120
\pgfnodepartthreebox=\box121
\pgfnodepartfourbox=\box122
\pgfnodeparttwentybox=\box123
\pgfnodepartnineteenbox=\box124
\pgfnodeparteighteenbox=\box125
\pgfnodepartseventeenbox=\box126
\pgfnodepartsixteenbox=\box127
\pgfnodepartfifteenbox=\box128
\pgfnodepartfourteenbox=\box129
\pgfnodepartthirteenbox=\box130
\pgfnodeparttwelvebox=\box131
\pgfnodepartelevenbox=\box132
\pgfnodeparttenbox=\box133
\pgfnodepartninebox=\box134
\pgfnodeparteightbox=\box135
\pgfnodepartsevenbox=\box136
\pgfnodepartsixbox=\box137
\pgfnodepartfivebox=\box138
)))
(C:\Program Files\MiKTeX 2.9\tex/generic/pgf/frontendlayer/tikz/libraries\tikzl
ibrarydecorations.code.tex
(C:\Program Files\MiKTeX 2.9\tex/generic/pgf/modules\pgfmoduledecorations.code.
tex
\pgfdecoratedcompleteddistance=\dimen314
\pgfdecoratedremainingdistance=\dimen315
\pgfdecoratedinputsegmentcompleteddistance=\dimen316
\pgfdecoratedinputsegmentremainingdistance=\dimen317
\pgf@decorate@distancetomove=\dimen318
\pgf@decorate@repeatstate=\count358
\pgfdecorationsegmentamplitude=\dimen319
\pgfdecorationsegmentlength=\dimen320
)
\tikz@lib@dec@box=\box139
)
(C:\Program Files\MiKTeX 2.9\tex/generic/pgf/frontendlayer/tikz/libraries\tikzl
ibrarymatrix.code.tex
File: tikzlibrarymatrix.code.tex 2021/05/15 v3.1.9a (3.1.9a)
))
(C:\Program Files\MiKTeX 2.9\tex/latex/csquotes\csquotes.sty
Package: csquotes 2021-02-22 v5.2l context-sensitive quotations (JAW)
\csq@reset=\count359
\csq@gtype=\count360
\csq@glevel=\count361
\csq@qlevel=\count362
\csq@maxlvl=\count363
\csq@tshold=\count364
\csq@ltx@everypar=\toks56

(C:\Program Files\MiKTeX 2.9\tex/latex/csquotes\csquotes.def
File: csquotes.def 2021-02-22 v5.2l csquotes generic definitions (JAW)
)
Package csquotes Info: Trying to load configuration file 'csquotes.cfg'...
Package csquotes Info: ... configuration file loaded successfully.

(C:\Program Files\MiKTeX 2.9\tex/latex/csquotes\csquotes.cfg
File: csquotes.cfg 
))
(C:\Program Files\MiKTeX 2.9\tex/latex/datetime\datetime.sty
Package: datetime 2015/03/20 v2.60 Date Time Package

(C:\Program Files\MiKTeX 2.9\tex/latex/fmtcount\fmtcount.sty
Package: fmtcount 2020/01/30 v3.07

(C:\Program Files\MiKTeX 2.9\tex/latex/xkeyval\xkeyval.sty
Package: xkeyval 2020/11/20 v2.8 package option processing (HA)

(C:\Program Files\MiKTeX 2.9\tex/generic/xkeyval\xkeyval.tex
(C:\Program Files\MiKTeX 2.9\tex/generic/xkeyval\xkvutils.tex
\XKV@toks=\toks57
\XKV@tempa@toks=\toks58
)
\XKV@depth=\count365
File: xkeyval.tex 2014/12/03 v2.7a key=value parser (HA)
))
(C:\Program Files\MiKTeX 2.9\tex/latex/fmtcount\fcprefix.sty
Package: fcprefix 2012/09/28

(C:\Program Files\MiKTeX 2.9\tex/latex/fmtcount\fcnumparser.sty
Package: fcnumparser 2017/06/15
\fc@digit@counter=\count366
))
\c@padzeroesN=\count367
\fc@tmpcatcode=\count368

(C:\Program Files\MiKTeX 2.9\tex/latex/fmtcount\fc-english.def
File: fc-english.def 2016/01/12
)
(C:\Program Files\MiKTeX 2.9\tex/latex/fmtcount\fc-ngerman.def
File: fc-ngerman.def 2012/06/18

(C:\Program Files\MiKTeX 2.9\tex/latex/fmtcount\fc-german.def
File: fc-german.def 2018/06/17

(C:\Program Files\MiKTeX 2.9\tex/latex/fmtcount\fc-germanb.def
File: fc-germanb.def 2013/08/17
))
(C:\Program Files\MiKTeX 2.9\tex/latex/fmtcount\fc-ngermanb.def
File: fc-ngermanb.def 2013/08/17
))
\@DT@modctr=\count369
\@ordinalctr=\count370
\@orgargctr=\count371
\@strctr=\count372
\@tmpstrctr=\count373
\@DT@loopN=\count374
\@DT@X=\count375
)
(C:\Program Files\MiKTeX 2.9\tex/latex/datetime\datetime-defaults.sty
Package: datetime-defaults 2013/09/10
)
\@day=\count376
\@month=\count377
\@year=\count378
\c@HOUR=\count379
\c@HOURXII=\count380
\c@MINUTE=\count381
\c@TOHOUR=\count382
\c@TOMINUTE=\count383
\c@SECOND=\count384
\currenthour=\count385
\currentminute=\count386
\currentsecond=\count387
Package datetime Info: No datetime.cfg file found, using default settings on in
put line 308.
\@dtctr=\count388
\dayofyear=\count389
\dayofweek=\count390
LaTeX Info: Redefining \today on input line 736.

(C:\Program Files\MiKTeX 2.9\tex/latex/datetime\dt-ngerman.def
File: dt-ngerman.def 2013/09/10
LaTeX Info: Redefining \datengerman on input line 86.
)
\dt@a=\toks59
\dt@b=\toks60
)
(C:\Program Files\MiKTeX 2.9\tex/latex/fancyhdr\fancyhdr.sty
Package: fancyhdr 2022/11/09 v4.1 Extensive control of page headers and footers

\f@nch@headwidth=\skip68
\f@nch@O@elh=\skip69
\f@nch@O@erh=\skip70
\f@nch@O@olh=\skip71
\f@nch@O@orh=\skip72
\f@nch@O@elf=\skip73
\f@nch@O@erf=\skip74
\f@nch@O@olf=\skip75
\f@nch@O@orf=\skip76
))
(C:\Program Files\MiKTeX 2.9\tex/latex/tools\shellesc.sty
Package: shellesc 2019/11/08 v1.0c unified shell escape interface for LaTeX
Package shellesc Info: Restricted shell escape enabled on input line 77.
)
(C:\Program Files\MiKTeX 2.9\tex/latex/base\fontenc.sty
Package: fontenc 2021/04/29 v2.0v Standard LaTeX package
LaTeX Font Info:    Trying to load font information for T1+bch on input line 11
2.

(C:\Program Files\MiKTeX 2.9\tex/latex/psnfss\t1bch.fd
File: t1bch.fd 2004/10/18 font definitions for T1/bch.
))
(C:\Program Files\MiKTeX 2.9\tex/latex/lm\lmodern.sty
Package: lmodern 2009/10/30 v1.6 Latin Modern Fonts
LaTeX Font Info:    Overwriting symbol font `operators' in version `normal'
(Font)                  OT1/cmr/m/n --> OT1/lmr/m/n on input line 22.
LaTeX Font Info:    Overwriting symbol font `letters' in version `normal'
(Font)                  OML/cmm/m/it --> OML/lmm/m/it on input line 23.
LaTeX Font Info:    Overwriting symbol font `symbols' in version `normal'
(Font)                  OMS/cmsy/m/n --> OMS/lmsy/m/n on input line 24.
LaTeX Font Info:    Overwriting symbol font `largesymbols' in version `normal'
(Font)                  OMX/cmex/m/n --> OMX/lmex/m/n on input line 25.
LaTeX Font Info:    Overwriting symbol font `operators' in version `bold'
(Font)                  OT1/cmr/bx/n --> OT1/lmr/bx/n on input line 26.
LaTeX Font Info:    Overwriting symbol font `letters' in version `bold'
(Font)                  OML/cmm/b/it --> OML/lmm/b/it on input line 27.
LaTeX Font Info:    Overwriting symbol font `symbols' in version `bold'
(Font)                  OMS/cmsy/b/n --> OMS/lmsy/b/n on input line 28.
LaTeX Font Info:    Overwriting symbol font `largesymbols' in version `bold'
(Font)                  OMX/cmex/m/n --> OMX/lmex/m/n on input line 29.
LaTeX Font Info:    Overwriting math alphabet `\mathbf' in version `normal'
(Font)                  OT1/cmr/bx/n --> OT1/lmr/bx/n on input line 31.
LaTeX Font Info:    Overwriting math alphabet `\mathsf' in version `normal'
(Font)                  OT1/cmss/m/n --> OT1/lmss/m/n on input line 32.
LaTeX Font Info:    Overwriting math alphabet `\mathit' in version `normal'
(Font)                  OT1/cmr/m/it --> OT1/lmr/m/it on input line 33.
LaTeX Font Info:    Overwriting math alphabet `\mathtt' in version `normal'
(Font)                  OT1/cmtt/m/n --> OT1/lmtt/m/n on input line 34.
LaTeX Font Info:    Overwriting math alphabet `\mathbf' in version `bold'
(Font)                  OT1/cmr/bx/n --> OT1/lmr/bx/n on input line 35.
LaTeX Font Info:    Overwriting math alphabet `\mathsf' in version `bold'
(Font)                  OT1/cmss/bx/n --> OT1/lmss/bx/n on input line 36.
LaTeX Font Info:    Overwriting math alphabet `\mathit' in version `bold'
(Font)                  OT1/cmr/bx/it --> OT1/lmr/bx/it on input line 37.
LaTeX Font Info:    Overwriting math alphabet `\mathtt' in version `bold'
(Font)                  OT1/cmtt/m/n --> OT1/lmtt/m/n on input line 38.
)
(C:\Program Files\MiKTeX 2.9\tex/latex/biblatex\biblatex.sty
Package: biblatex 2022/02/02 v3.17 programmable bibliographies (PK/MW)

(C:\Program Files\MiKTeX 2.9\tex/latex/logreq\logreq.sty
Package: logreq 2010/08/04 v1.0 xml request logger
\lrq@indent=\count391

(C:\Program Files\MiKTeX 2.9\tex/latex/logreq\logreq.def
File: logreq.def 2010/08/04 v1.0 logreq spec v1.0
))
\c@tabx@nest=\count392
\c@listtotal=\count393
\c@listcount=\count394
\c@liststart=\count395
\c@liststop=\count396
\c@citecount=\count397
\c@citetotal=\count398
\c@multicitecount=\count399
\c@multicitetotal=\count400
\c@instcount=\count401
\c@maxnames=\count402
\c@minnames=\count403
\c@maxitems=\count404
\c@minitems=\count405
\c@citecounter=\count406
\c@maxcitecounter=\count407
\c@savedcitecounter=\count408
\c@uniquelist=\count409
\c@uniquename=\count410
\c@refsection=\count411
\c@refsegment=\count412
\c@maxextratitle=\count413
\c@maxextratitleyear=\count414
\c@maxextraname=\count415
\c@maxextradate=\count416
\c@maxextraalpha=\count417
\c@abbrvpenalty=\count418
\c@highnamepenalty=\count419
\c@lownamepenalty=\count420
\c@maxparens=\count421
\c@parenlevel=\count422
\blx@tempcnta=\count423
\blx@tempcntb=\count424
\blx@tempcntc=\count425
\c@blx@maxsection=\count426
\c@blx@maxsegment@0=\count427
\blx@notetype=\count428
\blx@parenlevel@text=\count429
\blx@parenlevel@foot=\count430
\c@blx@sectionciteorder@0=\count431
\blx@entrysetcounter=\count432
\blx@biblioinstance=\count433
\labelnumberwidth=\skip77
\labelalphawidth=\skip78
\biblabelsep=\skip79
\bibitemsep=\skip80
\bibnamesep=\skip81
\bibinitsep=\skip82
\bibparsep=\skip83
\bibhang=\skip84
\blx@bcfin=\read5
\blx@bcfout=\write5
\blx@langwohyphens=\language80
\c@mincomprange=\count434
\c@maxcomprange=\count435
\c@mincompwidth=\count436
Package biblatex Info: Trying to load biblatex default data model...
Package biblatex Info: ... file 'blx-dm.def' found.

(C:\Program Files\MiKTeX 2.9\tex/latex/biblatex\blx-dm.def
File: blx-dm.def 2022/02/02 v3.17 biblatex localization (PK/MW)
)
Package biblatex Info: Trying to load biblatex style data model...
Package biblatex Info: ... file 'apa.dbx' found.

(C:\Program Files\MiKTeX 2.9\tex/latex/biblatex-apa\apa.dbx
File: apa.dbx 2021/12/24 v9.15 APA biblatex style data model
)
Package biblatex Info: Trying to load biblatex custom data model...
Package biblatex Info: ... file 'biblatex-dm.cfg' not found.
\c@afterword=\count437
\c@savedafterword=\count438
\c@annotator=\count439
\c@savedannotator=\count440
\c@author=\count441
\c@savedauthor=\count442
\c@bookauthor=\count443
\c@savedbookauthor=\count444
\c@commentator=\count445
\c@savedcommentator=\count446
\c@editor=\count447
\c@savededitor=\count448
\c@editora=\count449
\c@savededitora=\count450
\c@editorb=\count451
\c@savededitorb=\count452
\c@editorc=\count453
\c@savededitorc=\count454
\c@foreword=\count455
\c@savedforeword=\count456
\c@holder=\count457
\c@savedholder=\count458
\c@introduction=\count459
\c@savedintroduction=\count460
\c@namea=\count461
\c@savednamea=\count462
\c@nameb=\count463
\c@savednameb=\count464
\c@namec=\count465
\c@savednamec=\count466
\c@translator=\count467
\c@savedtranslator=\count468
\c@shortauthor=\count469
\c@savedshortauthor=\count470
\c@shorteditor=\count471
\c@savedshorteditor=\count472
\c@narrator=\count473
\c@savednarrator=\count474
\c@execproducer=\count475
\c@savedexecproducer=\count476
\c@execdirector=\count477
\c@savedexecdirector=\count478
\c@with=\count479
\c@savedwith=\count480
\c@labelname=\count481
\c@savedlabelname=\count482
\c@institution=\count483
\c@savedinstitution=\count484
\c@lista=\count485
\c@savedlista=\count486
\c@listb=\count487
\c@savedlistb=\count488
\c@listc=\count489
\c@savedlistc=\count490
\c@listd=\count491
\c@savedlistd=\count492
\c@liste=\count493
\c@savedliste=\count494
\c@listf=\count495
\c@savedlistf=\count496
\c@location=\count497
\c@savedlocation=\count498
\c@organization=\count499
\c@savedorganization=\count500
\c@origlocation=\count501
\c@savedoriglocation=\count502
\c@origpublisher=\count503
\c@savedorigpublisher=\count504
\c@publisher=\count505
\c@savedpublisher=\count506
\c@language=\count507
\c@savedlanguage=\count508
\c@origlanguage=\count509
\c@savedoriglanguage=\count510
\c@citation=\count511
\c@savedcitation=\count512
\c@pageref=\count513
\c@savedpageref=\count514
\shorthandwidth=\skip85
\shortjournalwidth=\skip86
\shortserieswidth=\skip87
\shorttitlewidth=\skip88
\shortauthorwidth=\skip89
\shorteditorwidth=\skip90
\locallabelnumberwidth=\skip91
\locallabelalphawidth=\skip92
\localshorthandwidth=\skip93
\localshortjournalwidth=\skip94
\localshortserieswidth=\skip95
\localshorttitlewidth=\skip96
\localshortauthorwidth=\skip97
\localshorteditorwidth=\skip98
Package biblatex Info: Trying to load compatibility code...
Package biblatex Info: ... file 'blx-compat.def' found.

(C:\Program Files\MiKTeX 2.9\tex/latex/biblatex\blx-compat.def
File: blx-compat.def 2022/02/02 v3.17 biblatex compatibility (PK/MW)
)
Package biblatex Info: Trying to load generic definitions...
Package biblatex Info: ... file 'biblatex.def' found.

(C:\Program Files\MiKTeX 2.9\tex/latex/biblatex\biblatex.def
File: biblatex.def 2022/02/02 v3.17 biblatex compatibility (PK/MW)
\c@textcitecount=\count515
\c@textcitetotal=\count516
\c@textcitemaxnames=\count517
\c@biburlbigbreakpenalty=\count518
\c@biburlbreakpenalty=\count519
\c@biburlnumpenalty=\count520
\c@biburlucpenalty=\count521
\c@biburllcpenalty=\count522
\biburlbigskip=\muskip18
\biburlnumskip=\muskip19
\biburlucskip=\muskip20
\biburllcskip=\muskip21
\c@smartand=\count523
)
Package biblatex Info: Trying to load bibliography style 'apa'...
Package biblatex Info: ... file 'apa.bbx' found.

(C:\Program Files\MiKTeX 2.9\tex/latex/biblatex-apa\apa.bbx
File: apa.bbx 2021/12/24 v9.15 APA biblatex references style
Package biblatex Info: Trying to load bibliography style 'standard'...
Package biblatex Info: ... file 'standard.bbx' found.

(C:\Program Files\MiKTeX 2.9\tex/latex/biblatex/bbx\standard.bbx
File: standard.bbx 2022/02/02 v3.17 biblatex bibliography style (PK/MW)
\c@bbx:relatedcount=\count524
\c@bbx:relatedtotal=\count525
)
Package biblatex Info: Delimiter 'nameyeardelim' in context 'bib' already defin
ed, overwriting.
Package biblatex Info: Delimiter 'nameyeardelim' in context 'biblist' already d
efined, overwriting.


Package biblatex Warning: The starred command '\DeclareDelimAlias*' is
(biblatex)                deprecated.
(biblatex)                Use the unstarred version '\DeclareDelimAlias'
(biblatex)                instead.

Package biblatex Info: Delimiter 'nonameyeardelim' in context 'bib' already def
ined, overwriting.
Package biblatex Info: Delimiter 'nonameyeardelim' in context 'biblist' already
 defined, overwriting.
)
Package biblatex Info: Trying to load citation style 'apa'...
Package biblatex Info: ... file 'apa.cbx' found.
 (C:\Program Files\MiKTeX 2.9\tex/latex/biblatex-apa\apa.cbx
File: apa.cbx 2021/12/24 v9.15 APA biblatex citation style
Package biblatex Info: Delimiter 'nameyeardelim' in context '' already defined,
 overwriting.
Package biblatex Info: Delimiter 'andothersdelim' in context '' already defined
, overwriting.
Package biblatex Info: Redefining '\fullcite'.
Package biblatex Info: Redefining '\citeauthor'.
Package biblatex Info: Redefining '\citeyear'.
Package biblatex Info: Redefining '\cite'.
Package biblatex Info: Redefining '\cites'.
Package biblatex Info: Redefining '\parencite'.
Package biblatex Info: Redefining '\parencites'.
Package biblatex Info: Redefining '\footcite'.
Package biblatex Info: Redefining '\footcites'.
Package biblatex Info: Redefining '\footcitetext'.
Package biblatex Info: Redefining '\footcitetexts'.
Package biblatex Info: Redefining '\smartcite'.
Package biblatex Info: Redefining '\smartcites'.
Package biblatex Info: Redefining '\textcite'.
Package biblatex Info: Redefining '\textcites'.
)
Package biblatex Info: Trying to load configuration file...
Package biblatex Info: ... file 'biblatex.cfg' found.

(C:\Program Files\MiKTeX 2.9\tex/latex/biblatex\biblatex.cfg
File: biblatex.cfg 
)
Package biblatex Info: Input encoding 'utf8' detected.
Package biblatex Info: Document encoding is UTF8 ....

(C:\Program Files\MiKTeX 2.9\tex/latex/l3kernel\expl3.sty
Package: expl3 2022-04-20 L3 programming layer (loader) 

(C:\Program Files\MiKTeX 2.9\tex/latex/l3backend\l3backend-pdftex.def
File: l3backend-pdftex.def 2022-04-20 L3 backend support: PDF output (pdfTeX)
\l__color_backend_stack_int=\count526
\l__pdf_internal_box=\box140
))
Package biblatex Info: ... and expl3
(biblatex)             2022-04-20 L3 programming layer (loader) 
(biblatex)             is new enough (at least 2020/04/06),
(biblatex)             setting 'casechanger=expl3'.

(C:\Program Files\MiKTeX 2.9\tex/latex/biblatex\blx-case-expl3.sty
(C:\Program Files\MiKTeX 2.9\tex/latex/l3packages/xparse\xparse.sty
Package: xparse 2022-01-12 L3 Experimental document command parser
)
Package: blx-case-expl3 2022/02/02 v3.17 expl3 case changing code for biblatex
))
(C:\Program Files\MiKTeX 2.9\tex/latex/tools\longtable.sty
Package: longtable 2021-09-01 v4.17 Multi-page Table package (DPC)
\LTleft=\skip99
\LTright=\skip100
\LTpre=\skip101
\LTpost=\skip102
\LTchunksize=\count527
\LTcapwidth=\dimen321
\LT@head=\box141
\LT@firsthead=\box142
\LT@foot=\box143
\LT@lastfoot=\box144
\LT@gbox=\box145
\LT@cols=\count528
\LT@rows=\count529
\c@LT@tables=\count530
\c@LT@chunks=\count531
\LT@p@ftn=\toks61
)
(C:\Program Files\MiKTeX 2.9\tex/generic/pgf/frontendlayer/tikz/libraries\tikzl
ibrarycalc.code.tex
File: tikzlibrarycalc.code.tex 2021/05/15 v3.1.9a (3.1.9a)
) (C:\Program Files\MiKTeX 2.9\tex/latex/relsize\relsize.sty
Package: relsize 2013/03/29 ver 4.1
) (C:\Program Files\MiKTeX 2.9\tex/latex/tcolorbox\tcolorbox.sty
Package: tcolorbox 2022/01/07 version 5.0.2 text color boxes

(C:\Program Files\MiKTeX 2.9\tex/latex/tools\verbatim.sty
Package: verbatim 2020-07-07 v1.5u LaTeX2e package for verbatim enhancements
\every@verbatim=\toks62
\verbatim@line=\toks63
\verbatim@in@stream=\read6
)
(C:\Program Files\MiKTeX 2.9\tex/latex/environ\environ.sty
Package: environ 2014/05/04 v0.3 A new way to define environments

(C:\Program Files\MiKTeX 2.9\tex/latex/trimspaces\trimspaces.sty
Package: trimspaces 2009/09/17 v1.1 Trim spaces around a token list
))
\tcb@titlebox=\box146
\tcb@upperbox=\box147
\tcb@lowerbox=\box148
\tcb@phantombox=\box149
\c@tcbbreakpart=\count532
\c@tcblayer=\count533
\c@tcolorbox@number=\count534
\tcb@temp=\box150
\tcb@temp=\box151
\tcb@temp=\box152
\tcb@temp=\box153
)
Package csquotes Info: Checking for multilingual support...
Package csquotes Info: ... found 'babel' package.
Package csquotes Info: Adjusting default style.
Package csquotes Info: Redefining alias 'default' -> 'ngerman'.
LaTeX Font Info:    Trying to load font information for T1+lmr on input line 31
.

(C:\Program Files\MiKTeX 2.9\tex/latex/lm\t1lmr.fd
File: t1lmr.fd 2009/10/30 v1.6 Font defs for Latin Modern
) (Assignment2_TEX.aux)
\openout1 = `Assignment2_TEX.aux'.

LaTeX Font Info:    Checking defaults for OML/cmm/m/it on input line 31.
LaTeX Font Info:    ... okay on input line 31.
LaTeX Font Info:    Checking defaults for OMS/cmsy/m/n on input line 31.
LaTeX Font Info:    ... okay on input line 31.
LaTeX Font Info:    Checking defaults for OT1/cmr/m/n on input line 31.
LaTeX Font Info:    ... okay on input line 31.
LaTeX Font Info:    Checking defaults for T1/cmr/m/n on input line 31.
LaTeX Font Info:    ... okay on input line 31.
LaTeX Font Info:    Checking defaults for TS1/cmr/m/n on input line 31.
LaTeX Font Info:    ... okay on input line 31.
LaTeX Font Info:    Checking defaults for OMX/cmex/m/n on input line 31.
LaTeX Font Info:    ... okay on input line 31.
LaTeX Font Info:    Checking defaults for U/cmr/m/n on input line 31.
LaTeX Font Info:    ... okay on input line 31.
LaTeX Font Info:    Checking defaults for PD1/pdf/m/n on input line 31.
LaTeX Font Info:    ... okay on input line 31.
LaTeX Font Info:    Checking defaults for PU/pdf/m/n on input line 31.
LaTeX Font Info:    ... okay on input line 31.
LaTeX Info: Redefining \microtypecontext on input line 31.
Package microtype Info: Applying patch `item' on input line 31.
Package microtype Info: Applying patch `toc' on input line 31.
Package microtype Info: Applying patch `eqnum' on input line 31.
Package microtype Info: Applying patch `footnote' on input line 31.
Package microtype Info: Generating PDF output.
Package microtype Info: Character protrusion enabled (level 2).
Package microtype Info: Using default protrusion set `alltext'.
Package microtype Info: Automatic font expansion enabled (level 2),
(microtype)             stretch: 20, shrink: 20, step: 1, non-selected.
Package microtype Info: Using default expansion set `alltext-nott'.
LaTeX Info: Redefining \showhyphens on input line 31.
Package microtype Info: No adjustment of tracking.
Package microtype Info: No adjustment of interword spacing.
Package microtype Info: No adjustment of character kerning.

(C:\Program Files\MiKTeX 2.9\tex/latex/microtype\mt-cmr.cfg
File: mt-cmr.cfg 2013/05/19 v2.2 microtype config. file: Computer Modern Roman 
(RS)
)
Package hyperref Info: Link coloring ON on input line 31.

(C:\Program Files\MiKTeX 2.9\tex/latex/hyperref\nameref.sty
Package: nameref 2021-04-02 v2.47 Cross-referencing by name of section

(C:\Program Files\MiKTeX 2.9\tex/latex/refcount\refcount.sty
Package: refcount 2019/12/15 v3.6 Data extraction from label references (HO)
)
(C:\Program Files\MiKTeX 2.9\tex/generic/gettitlestring\gettitlestring.sty
Package: gettitlestring 2019/12/15 v1.6 Cleanup title references (HO)
)
\c@section@level=\count535
)
LaTeX Info: Redefining \ref on input line 31.
LaTeX Info: Redefining \pageref on input line 31.
LaTeX Info: Redefining \nameref on input line 31.

(Assignment2_TEX.out) (Assignment2_TEX.out)
\@outlinefile=\write6
\openout6 = `Assignment2_TEX.out'.


(C:\Program Files\MiKTeX 2.9\tex/context/base/mkii\supp-pdf.mkii
[Loading MPS to PDF converter (version 2006.09.02).]
\scratchcounter=\count536
\scratchdimen=\dimen322
\scratchbox=\box154
\nofMPsegments=\count537
\nofMParguments=\count538
\everyMPshowfont=\toks64
\MPscratchCnt=\count539
\MPscratchDim=\dimen323
\MPnumerator=\count540
\makeMPintoPDFobject=\count541
\everyMPtoPDFconversion=\toks65
) (C:\Program Files\MiKTeX 2.9\tex/latex/epstopdf-pkg\epstopdf-base.sty
Package: epstopdf-base 2020-01-24 v2.11 Base part for package epstopdf
Package epstopdf-base Info: Redefining graphics rule for `.eps' on input line 4
85.

(C:\Program Files\MiKTeX 2.9\tex/latex/00miktex\epstopdf-sys.cfg
File: epstopdf-sys.cfg 2021/03/18 v2.0 Configuration of epstopdf for MiKTeX
))
\c@lstlisting=\count542
Package biblatex Info: Trying to load language 'ngerman' -> 'ngerman-apa'...
Package biblatex Info: ... file 'ngerman-apa.lbx' found.

(C:\Program Files\MiKTeX 2.9\tex/latex/biblatex-apa\ngerman-apa.lbx
File: ngerman-apa.lbx 2021/12/24 v9.15 APA biblatex localisation
Package biblatex Info: Trying to load language 'ngerman'...
Package biblatex Info: ... file 'ngerman.lbx' found.

(C:\Program Files\MiKTeX 2.9\tex/latex/biblatex/lbx\ngerman.lbx
File: ngerman.lbx 2022/02/02 v3.17 biblatex localization (PK/MW)
Package biblatex Info: Trying to load language 'german' -> 'german-apa'...
Package biblatex Info: ... file 'german-apa.lbx' found.

(C:\Program Files\MiKTeX 2.9\tex/latex/biblatex-apa\german-apa.lbx
File: german-apa.lbx 2021/12/24 v9.15 APA biblatex localisation
Package biblatex Info: Trying to load language 'german'...
Package biblatex Info: ... file 'german.lbx' found.

(C:\Program Files\MiKTeX 2.9\tex/latex/biblatex/lbx\german.lbx
File: german.lbx 2022/02/02 v3.17 biblatex localization (PK/MW)
)))
Package biblatex Info: Trying to load language 'ngerman'...
Package biblatex Info: ... file 'ngerman.lbx' found.

(C:\Program Files\MiKTeX 2.9\tex/latex/biblatex/lbx\ngerman.lbx
File: ngerman.lbx 2022/02/02 v3.17 biblatex localization (PK/MW)
Package biblatex Info: Trying to load language 'german' -> 'german-apa'...
Package biblatex Info: ... file 'german-apa.lbx' found.

(C:\Program Files\MiKTeX 2.9\tex/latex/biblatex-apa\german-apa.lbx
File: german-apa.lbx 2021/12/24 v9.15 APA biblatex localisation
Package biblatex Info: Trying to load language 'german'...
Package biblatex Info: ... file 'german.lbx' found.

(C:\Program Files\MiKTeX 2.9\tex/latex/biblatex/lbx\german.lbx
File: german.lbx 2022/02/02 v3.17 biblatex localization (PK/MW)
))))
Package biblatex Info: Trying to load language 'english' -> 'english-apa'...
Package biblatex Info: ... file 'english-apa.lbx' found.

(C:\Program Files\MiKTeX 2.9\tex/latex/biblatex-apa\english-apa.lbx
File: english-apa.lbx 2021/12/24 v9.15 APA biblatex localisation
Package biblatex Info: Trying to load language 'english'...
Package biblatex Info: ... file 'english.lbx' found.

(C:\Program Files\MiKTeX 2.9\tex/latex/biblatex/lbx\english.lbx
File: english.lbx 2022/02/02 v3.17 biblatex localization (PK/MW)
)
Package biblatex Info: Trying to load language 'american' -> 'american-apa'...
Package biblatex Info: ... file 'american-apa.lbx' found.

(C:\Program Files\MiKTeX 2.9\tex/latex/biblatex-apa\american-apa.lbx
File: american-apa.lbx 2021/12/24 v9.15 APA biblatex localisation
Package biblatex Info: Trying to load language 'american'...
Package biblatex Info: ... file 'american.lbx' found.

(C:\Program Files\MiKTeX 2.9\tex/latex/biblatex/lbx\american.lbx
File: american.lbx 2022/02/02 v3.17 biblatex localization (PK/MW)
Package biblatex Info: Trying to load language 'english'...
Package biblatex Info: ... file 'english.lbx' found.

(C:\Program Files\MiKTeX 2.9\tex/latex/biblatex/lbx\english.lbx
File: english.lbx 2022/02/02 v3.17 biblatex localization (PK/MW)
))))
Package biblatex Info: Input encoding 'utf8' detected.
Package biblatex Info: Automatic encoding selection.
(biblatex)             Assuming data encoding 'utf8'.
\openout5 = `Assignment2_TEX.bcf'.

Package biblatex Info: Trying to load bibliographic data...
Package biblatex Info: ... file 'Assignment2_TEX.bbl' found.

(Assignment2_TEX.bbl)
Package biblatex Info: Reference section=0 on input line 31.
Package biblatex Info: Reference segment=0 on input line 31.
LaTeX Font Info:    Trying to load font information for OT1+lmr on input line 4
5.
 (C:\Program Files\MiKTeX 2.9\tex/latex/lm\ot1lmr.fd
File: ot1lmr.fd 2009/10/30 v1.6 Font defs for Latin Modern
)
LaTeX Font Info:    Trying to load font information for OML+lmm on input line 4
5.

(C:\Program Files\MiKTeX 2.9\tex/latex/lm\omllmm.fd
File: omllmm.fd 2009/10/30 v1.6 Font defs for Latin Modern
)
LaTeX Font Info:    Trying to load font information for OMS+lmsy on input line 
45.

(C:\Program Files\MiKTeX 2.9\tex/latex/lm\omslmsy.fd
File: omslmsy.fd 2009/10/30 v1.6 Font defs for Latin Modern
)
LaTeX Font Info:    Trying to load font information for OMX+lmex on input line 
45.

(C:\Program Files\MiKTeX 2.9\tex/latex/lm\omxlmex.fd
File: omxlmex.fd 2009/10/30 v1.6 Font defs for Latin Modern
)
LaTeX Font Info:    External font `lmex10' loaded for size
(Font)              <10.95> on input line 45.
LaTeX Font Info:    External font `lmex10' loaded for size
(Font)              <8> on input line 45.
LaTeX Font Info:    External font `lmex10' loaded for size
(Font)              <6> on input line 45.
LaTeX Font Info:    Trying to load font information for U+msa on input line 45.


(C:\Program Files\MiKTeX 2.9\tex/latex/amsfonts\umsa.fd
File: umsa.fd 2013/01/14 v3.01 AMS symbols A
)
(C:\Program Files\MiKTeX 2.9\tex/latex/microtype\mt-msa.cfg
File: mt-msa.cfg 2006/02/04 v1.1 microtype config. file: AMS symbols (a) (RS)
)
LaTeX Font Info:    Trying to load font information for U+msb on input line 45.


(C:\Program Files\MiKTeX 2.9\tex/latex/amsfonts\umsb.fd
File: umsb.fd 2013/01/14 v3.01 AMS symbols B
)
(C:\Program Files\MiKTeX 2.9\tex/latex/microtype\mt-msb.cfg
File: mt-msb.cfg 2005/06/01 v1.0 microtype config. file: AMS symbols (b) (RS)
)
LaTeX Font Info:    Trying to load font information for U+wasy on input line 45
.

(C:\Program Files\MiKTeX 2.9\tex/latex/wasysym\uwasy.fd
File: uwasy.fd 2020/01/19 v2.4 Wasy-2 symbol font definitions
)
<style/wu_transparent.png, id=70, 401.5pt x 401.5pt>
File: style/wu_transparent.png Graphic file (type png)
<use style/wu_transparent.png>
Package pdftex.def Info: style/wu_transparent.png  used on input line 56.
(pdftex.def)             Requested size: 60.2224pt x 60.2224pt.
 (Assignment2_TEX.toc)
\tf@toc=\write7
\openout7 = `Assignment2_TEX.toc'.


[1

{C:/Users/lucas/AppData/Local/MiKTeX/2.9/fonts/map/pdftex/pdftex.map} <./style/
wu_transparent.png>] (Assignment2_TEX.lof)
\tf@lof=\write8
\openout8 = `Assignment2_TEX.lof'.

 [2]
Underfull \hbox (badness 10000) in paragraph at lines 81--82

 []


Underfull \hbox (badness 10000) in paragraph at lines 83--84

 []


Underfull \hbox (badness 10000) in paragraph at lines 85--86

 []


Underfull \hbox (badness 10000) in paragraph at lines 87--88

 []

<figures/ASAD_mildslope.png, id=120, 1674.255pt x 1081.03876pt>
File: figures/ASAD_mildslope.png Graphic file (type png)
<use figures/ASAD_mildslope.png>
Package pdftex.def Info: figures/ASAD_mildslope.png  used on input line 91.
(pdftex.def)             Requested size: 334.84506pt x 216.20392pt.
[3 <./figures/ASAD_mildslope.png>]
LaTeX Font Info:    Trying to load font information for TS1+lmr on input line 9
8.

(C:\Program Files\MiKTeX 2.9\tex/latex/lm\ts1lmr.fd
File: ts1lmr.fd 2009/10/30 v1.6 Font defs for Latin Modern
)
Underfull \hbox (badness 10000) in paragraph at lines 101--102

 []


Underfull \hbox (badness 10000) in paragraph at lines 103--104

 []


Underfull \hbox (badness 10000) in paragraph at lines 105--106

 []


Underfull \hbox (badness 10000) in paragraph at lines 107--108

 []


Underfull \hbox (badness 10000) in paragraph at lines 109--110

 []

<figures/ASAD_steepslope.png, id=126, 1674.255pt x 1445.4pt>
File: figures/ASAD_steepslope.png Graphic file (type png)
<use figures/ASAD_steepslope.png>
Package pdftex.def Info: figures/ASAD_steepslope.png  used on input line 113.
(pdftex.def)             Requested size: 301.35289pt x 260.16077pt.
[4 <./figures/ASAD_steepslope.png>]
Underfull \hbox (badness 10000) in paragraph at lines 128--129

 []


Underfull \hbox (badness 10000) in paragraph at lines 130--132

 []


Underfull \hbox (badness 10000) in paragraph at lines 136--137

 []


Underfull \hbox (badness 10000) in paragraph at lines 138--140

 []

[5]
Underfull \hbox (badness 10000) in paragraph at lines 164--165

 []

[6]
Underfull \hbox (badness 10000) in paragraph at lines 216--218

 []


Overfull \hbox (0.64404pt too wide) detected at line 221
\OML/lmm/m/it/10.95 MC[]\OT1/lmr/m/n/10.95 (\OML/lmm/m/it/10.95 i\OT1/lmr/m/n/1
0.95 )(1 \OMS/lmsy/m/n/10.95 ^^@ \OML/lmm/m/it/10.95 \OT1/lmr/m/n/10.95 ) = []
  =[]\OMS/lmsy/m/n/10.95 )  \OML/lmm/m/it/10.95 MC[]\OT1/lmr/m/n/10.95 (\OML/lm
m/m/it/10.95 i\OT1/lmr/m/n/10.95 )(1 \OMS/lmsy/m/n/10.95 ^^@ \OML/lmm/m/it/10.9
5 \OT1/lmr/m/n/10.95 ) = []  =[]\OMS/lmsy/m/n/10.95 )  \OML/lmm/m/it/10.95 N[]
\OT1/lmr/m/n/10.95 (\OML/lmm/m/it/10.95 i\OT1/lmr/m/n/10.95 ) = []
 []

[7] [8] [9]
Underfull \hbox (badness 10000) in paragraph at lines 265--266

 []

[10]
Package epstopdf Info: Source file: <figures/monpolshock.eps>
(epstopdf)                    date: 2023-06-11 10:04:36
(epstopdf)                    size: 44241 bytes
(epstopdf)             Output file: <figures/monpolshock-eps-converted-to.pdf>
(epstopdf)                    date: 2023-06-11 10:04:45
(epstopdf)                    size: 8983 bytes
(epstopdf)             Command: <miktex-epstopdf --outfile=figures/monpolshock-
eps-converted-to.pdf figures/monpolshock.eps>
(epstopdf)             \includegraphics on input line 277.
Package epstopdf Info: Output file is already uptodate.


pdfTeX warning: pdflatex (file ./figures/monpolshock-eps-converted-to.pdf): PDF
 inclusion: found PDF version <1.7>, but at most version <1.5> allowed
<figures/monpolshock-eps-converted-to.pdf, id=180, 685.56125pt x 423.5825pt>
File: figures/monpolshock-eps-converted-to.pdf Graphic file (type pdf)
<use figures/monpolshock-eps-converted-to.pdf>
Package pdftex.def Info: figures/monpolshock-eps-converted-to.pdf  used on inpu
t line 277.
(pdftex.def)             Requested size: 479.8896pt x 296.50572pt.
Package epstopdf Info: Source file: <figures/techshock.eps>
(epstopdf)                    date: 2023-06-11 10:19:18
(epstopdf)                    size: 43576 bytes
(epstopdf)             Output file: <figures/techshock-eps-converted-to.pdf>
(epstopdf)                    date: 2023-06-11 10:20:34
(epstopdf)                    size: 9377 bytes
(epstopdf)             Command: <miktex-epstopdf --outfile=figures/techshock-ep
s-converted-to.pdf figures/techshock.eps>
(epstopdf)             \includegraphics on input line 285.
Package epstopdf Info: Output file is already uptodate.


pdfTeX warning: pdflatex (file ./figures/techshock-eps-converted-to.pdf): PDF i
nclusion: found PDF version <1.7>, but at most version <1.5> allowed
<figures/techshock-eps-converted-to.pdf, id=181, 684.5575pt x 423.5825pt>
File: figures/techshock-eps-converted-to.pdf Graphic file (type pdf)
<use figures/techshock-eps-converted-to.pdf>
Package pdftex.def Info: figures/techshock-eps-converted-to.pdf  used on input 
line 285.
(pdftex.def)             Requested size: 479.18698pt x 296.50572pt.
[11 <./figures/monpolshock-eps-converted-to.pdf>]
Package epstopdf Info: Source file: <figures/enpriceshock.eps>
(epstopdf)                    date: 2023-06-11 10:04:26
(epstopdf)                    size: 44865 bytes
(epstopdf)             Output file: <figures/enpriceshock-eps-converted-to.pdf>

(epstopdf)                    date: 2023-06-11 10:04:46
(epstopdf)                    size: 9175 bytes
(epstopdf)             Command: <miktex-epstopdf --outfile=figures/enpriceshock
-eps-converted-to.pdf figures/enpriceshock.eps>
(epstopdf)             \includegraphics on input line 294.
Package epstopdf Info: Output file is already uptodate.


pdfTeX warning: pdflatex (file ./figures/enpriceshock-eps-converted-to.pdf): PD
F inclusion: found PDF version <1.7>, but at most version <1.5> allowed
<figures/enpriceshock-eps-converted-to.pdf, id=195, 684.5575pt x 423.5825pt>
File: figures/enpriceshock-eps-converted-to.pdf Graphic file (type pdf)
<use figures/enpriceshock-eps-converted-to.pdf>
Package pdftex.def Info: figures/enpriceshock-eps-converted-to.pdf  used on inp
ut line 294.
(pdftex.def)             Requested size: 479.18698pt x 296.50572pt.
[12 <./figures/techshock-eps-converted-to.pdf>] [13 <./figures/enpriceshock-eps
-converted-to.pdf>]
Underfull \hbox (badness 10000) in paragraph at lines 309--310

 []


Underfull \hbox (badness 10000) in paragraph at lines 311--312

 []


Underfull \hbox (badness 10000) in paragraph at lines 313--314

 []


Underfull \hbox (badness 10000) in paragraph at lines 315--316

 []


Underfull \hbox (badness 10000) in paragraph at lines 317--318

 []


Underfull \hbox (badness 10000) in paragraph at lines 319--320

 []

[14] (C:\Program Files\MiKTeX 2.9\tex/latex/listings\lstlang1.sty
File: lstlang1.sty 2020/03/24 1.8d listings language file
)
Package hyperref Info: bookmark level for unknown lstlisting defaults to 0 on i
nput line 325.
LaTeX Font Info:    Trying to load font information for T1+lmtt on input line 3
25.

(C:\Program Files\MiKTeX 2.9\tex/latex/lm\t1lmtt.fd
File: t1lmtt.fd 2009/10/30 v1.6 Font defs for Latin Modern
)
Package microtype Info: Loading generic protrusion settings for font family
(microtype)             `lmtt' (encoding: T1).
(microtype)             For optimal results, create family-specific settings.
(microtype)             See the microtype manual for details.
 (NKmodel_nonlin_Abgabe.mod [15] [16]) [17] (Assignment2_TEX.aux)
Package rerunfilecheck Info: File `Assignment2_TEX.out' has not changed.
(rerunfilecheck)             Checksum: 286FE7667EED5E1029F79A8684F86B3F;2903.
Package logreq Info: Writing requests to 'Assignment2_TEX.run.xml'.
\openout1 = `Assignment2_TEX.run.xml'.

 ) 
Here is how much of TeX's memory you used:
 42700 strings out of 478547
 826159 string characters out of 2849763
 2063558 words of memory out of 3000000
 59832 multiletter control sequences out of 15000+600000
 517766 words of font info for 125 fonts, out of 8000000 for 9000
 1143 hyphenation exceptions out of 8191
 104i,12n,132p,1120b,6487s stack positions out of 10000i,1000n,20000p,200000b,80000s
{C:/Program Files/MiKTeX 2.9/fonts/enc/dvips/lm/lm-ec.enc}{C:/Program Files/M
iKTeX 2.9/fonts/enc/dvips/lm/lm-mathit.enc}{C:/Program Files/MiKTeX 2.9/fonts/e
nc/dvips/lm/lm-mathex.enc}{C:/Program Files/MiKTeX 2.9/fonts/enc/dvips/lm/lm-ma
thsy.enc}{C:/Program Files/MiKTeX 2.9/fonts/enc/dvips/lm/lm-rm.enc}{C:/Program 
Files/MiKTeX 2.9/fonts/enc/dvips/lm/lm-ts1.enc}<C:/Program Files/MiKTeX 2.9/fon
ts/type1/public/lm/lmb10.pfb><C:/Program Files/MiKTeX 2.9/fonts/type1/public/lm
/lmex10.pfb><C:/Program Files/MiKTeX 2.9/fonts/type1/public/lm/lmmi10.pfb><C:/P
rogram Files/MiKTeX 2.9/fonts/type1/public/lm/lmmi6.pfb><C:/Program Files/MiKTe
X 2.9/fonts/type1/public/lm/lmmi8.pfb><C:/Program Files/MiKTeX 2.9/fonts/type1/
public/lm/lmr10.pfb><C:/Program Files/MiKTeX 2.9/fonts/type1/public/lm/lmr12.pf
b><C:/Program Files/MiKTeX 2.9/fonts/type1/public/lm/lmr6.pfb><C:/Program Files
/MiKTeX 2.9/fonts/type1/public/lm/lmr8.pfb><C:/Program Files/MiKTeX 2.9/fonts/t
ype1/public/lm/lmr9.pfb><C:/Program Files/MiKTeX 2.9/fonts/type1/public/lm/lmsy
10.pfb><C:/Program Files/MiKTeX 2.9/fonts/type1/public/lm/lmsy8.pfb><C:/Program
 Files/MiKTeX 2.9/fonts/type1/public/lm/lmtk10.pfb><C:/Program Files/MiKTeX 2.9
/fonts/type1/public/lm/lmtt8.pfb>
Output written on Assignment2_TEX.pdf (17 pages, 849205 bytes).
PDF statistics:
 483 PDF objects out of 1000 (max. 8388607)
 181 named destinations out of 1000 (max. 500000)
 28331 words of extra memory for PDF output out of 29859 (max. 10000000)

